1637337640.2622292
1637360170.7304137
1637377132.5818305
1637420922.3177464
1637437958.1578948
1637449980.6707976
1637455289.0953674
1637463106.062769
1637471491.5227957
1637487520.599509
1637495853.8478343
1637504111.1906657
1637511344.7572565
1637518767.2952023
1637523962.8442469
1637536235.1291285
1637545956.2743387
1637571388.615275
1637576222.2808304
1637582838.5706444
1637590268.813052
1637598586.3140795
1637612196.9500158
1637622856.6257045
1637632447.463738
1637660337.921822
1637661080.3552232
1637663209.8766136
1637671283.1666656
1637678149.6234818
1637686159.4509606
1637693357.8671322
1637703343.2018294
1637703985.934328
1637715676.160075
1637720068.7254777
1637747179.9430554
1637748062.1705313
